app/build/outputs/logs/manifest-merger-debug-report.txt
-- Merging decision tree log ---
manifest
ADDED from src/main/AndroidManifest.xml:2:1-149:12
INJECTED from src/main/AndroidManifest.xml:2:1-149:12
INJECTED from src/main/AndroidManifest.xml:2:1-149:12
INJECTED from src/main/AndroidManifest.xml:2:1-149:12
MERGED from [io.realm:realm-android-library:5.4.1] AndroidManifest.xml:2:1-10:12
MERGED from [io.realm:realm-android-kotlin-extensions:5.4.1] AndroidManifest.xml:2:1-10:12
MERGED from [com.android.support:multidex:1.0.3] AndroidManifest.xml:17:1-22:12
MERGED from [:sinch-android-rtc:3.12.5] AndroidManifest.xml:2:1-19:12
MERGED from [com.android.support:design:27.1.1] AndroidManifest.xml:17:1-22:12
MERGED from [com.eyalbira.loadingdots:loading-dots:1.0.2] AndroidManifest.xml:2:1-14:12
MERGED from [com.iceteck.silicompressorr:silicompressor:2.1] AndroidManifest.xml:2:1-20:12
MERGED from [:lock] AndroidManifest.xml:2:1-22:12
MERGED from [com.vanniktech:emoji-google:0.5.1] AndroidManifest.xml:2:1-8:12
MERGED from [com.vanniktech:emoji:0.5.1] AndroidManifest.xml:2:1-8:12
MERGED from [com.android.support:appcompat-v7:27.1.1] AndroidManifest.xml:17:1-22:12
MERGED from [com.android.support:cardview-v7:27.1.1] AndroidManifest.xml:17:1-22:12
MERGED from [com.android.support:customtabs:27.1.1] AndroidManifest.xml:17:1-22:12
MERGED from [com.google.firebase:firebase-core:16.0.5] AndroidManifest.xml:2:1-9:12
MERGED from [com.google.firebase:firebase-database:16.0.5] AndroidManifest.xml:15:1-25:12
MERGED from [com.google.firebase:firebase-messaging:17.3.4] AndroidManifest.xml:17:1-37:12
MERGED from [com.google.firebase:firebase-auth:16.0.5] AndroidManifest.xml:17:1-42:12
MERGED from [com.google.firebase:firebase-storage:16.0.5] AndroidManifest.xml:15:1-26:12
MERGED from [com.google.android.gms:play-services-places:16.0.0] AndroidManifest.xml:17:1-24:12
MERGED from [de.hdodenhof:circleimageview:2.2.0] AndroidManifest.xml:2:1-11:12
MERGED from [com.kbeanie:multipicker:1.5] AndroidManifest.xml:2:1-23:12
MERGED from [com.github.chrisbanes:PhotoView:2.0.0] AndroidManifest.xml:2:1-12:12
MERGED from [com.mxn.soul:flowingdrawer-core:2.0.0] AndroidManifest.xml:2:1-12:12
MERGED from [com.github.bumptech.glide:glide:4.7.1] AndroidManifest.xml:2:1-13:12
MERGED from [com.google.android.gms:play-services-maps:16.0.0] AndroidManifest.xml:17:1-32:12
MERGED from [com.google.android.gms:play-services-location:16.0.0] AndroidManifest.xml:2:1-9:12
MERGED from [com.google.firebase:firebase-measurement-connector-impl:17.0.3] AndroidManifest.xml:17:1-34:12
MERGED from [com.google.firebase:firebase-analytics:16.0.5] AndroidManifest.xml:17:1-55:12
MERGED from [com.google.android.gms:play-services-flags:16.0.1] AndroidManifest.xml:17:1-22:12
MERGED from [com.google.firebase:firebase-auth-interop:16.0.1] AndroidManifest.xml:2:1-10:12
MERGED from [com.google.android.gms:play-services-measurement-api:16.0.3] AndroidManifest.xml:17:1-25:12
MERGED from [com.google.firebase:firebase-analytics-impl:16.2.3] AndroidManifest.xml:17:1-40:12
MERGED from [com.google.firebase:firebase-iid:17.0.4] AndroidManifest.xml:17:1-59:12
MERGED from [com.google.firebase:firebase-iid-interop:16.0.1] AndroidManifest.xml:2:1-10:12
MERGED from [com.google.android.gms:play-services-base:16.0.1] AndroidManifest.xml:17:1-29:12
MERGED from [com.google.firebase:firebase-common:16.0.4] AndroidManifest.xml:2:1-17:12
MERGED from [com.google.android.gms:play-services-tasks:16.0.1] AndroidManifest.xml:2:1-9:12
MERGED from [com.google.firebase:firebase-measurement-connector:17.0.1] AndroidManifest.xml:17:1-25:12
MERGED from [com.google.android.gms:play-services-places-placereport:16.0.0] AndroidManifest.xml:17:1-24:12
MERGED from [com.google.android.gms:play-services-measurement-base:16.0.4] AndroidManifest.xml:2:1-9:12
MERGED from [com.google.android.gms:play-services-stats:16.0.1] AndroidManifest.xml:2:1-9:12
MERGED from [com.google.android.gms:play-services-ads-identifier:16.0.0] AndroidManifest.xml:17:1-24:12
MERGED from [com.google.android.gms:play-services-basement:16.1.0] AndroidManifest.xml:17:1-28:12
MERGED from [com.android.support:support-v4:27.1.1] AndroidManifest.xml:17:1-22:12
MERGED from [com.android.support.constraint:constraint-layout:1.1.3] AndroidManifest.xml:2:1-11:12
MERGED from [com.getkeepsafe.relinker:relinker:1.2.2] AndroidManifest.xml:2:1-9:12
MERGED from [com.android.support:support-fragment:27.1.1] AndroidManifest.xml:17:1-22:12
MERGED from [com.android.support:animated-vector-drawable:27.1.1] AndroidManifest.xml:17:1-22:12
MERGED from [com.android.support:recyclerview-v7:27.1.1] AndroidManifest.xml:17:1-22:12
MERGED from [com.android.support:support-core-ui:27.1.1] AndroidManifest.xml:17:1-22:12
MERGED from [com.android.support:support-core-utils:27.1.1] AndroidManifest.xml:17:1-22:12
MERGED from [com.android.support:support-vector-drawable:27.1.1] AndroidManifest.xml:17:1-22:12
MERGED from [com.android.support:transition:27.1.1] AndroidManifest.xml:17:1-22:12
MERGED from [com.android.support:support-media-compat:27.1.1] AndroidManifest.xml:17:1-22:12
MERGED from [com.android.support:support-compat:27.1.1] AndroidManifest.xml:17:1-22:12
MERGED from [com.github.bumptech.glide:gifdecoder:4.7.1] AndroidManifest.xml:2:1-11:12
MERGED from [com.google.firebase:firebase-database-collection:16.0.1] AndroidManifest.xml:2:1-7:12
MERGED from [android.arch.lifecycle:livedata-core:1.1.0] AndroidManifest.xml:17:1-22:12
MERGED from [android.arch.lifecycle:viewmodel:1.1.0] AndroidManifest.xml:17:1-22:12
MERGED from [android.arch.lifecycle:runtime:1.1.0] AndroidManifest.xml:17:1-22:12
MERGED from [android.arch.core:runtime:1.1.0] AndroidManifest.xml:17:1-22:12
INJECTED from src/main/AndroidManifest.xml:2:1-149:12
INJECTED from src/main/AndroidManifest.xml:2:1-149:12
INJECTED from src/main/AndroidManifest.xml:2:1-149:12
	package
		ADDED from src/main/AndroidManifest.xml:4:5-44
		INJECTED from src/main/AndroidManifest.xml
		INJECTED from src/main/AndroidManifest.xml
	android:versionName
		INJECTED from src/main/AndroidManifest.xml
		ADDED from src/main/AndroidManifest.xml:2:1-149:12
		INJECTED from src/main/AndroidManifest.xml
	xmlns:tools
		ADDED from src/main/AndroidManifest.xml:3:5-51
	android:versionCode
		INJECTED from src/main/AndroidManifest.xml
		ADDED from src/main/AndroidManifest.xml:2:1-149:12
		INJECTED from src/main/AndroidManifest.xml
	xmlns:android
		ADDED from src/main/AndroidManifest.xml:2:11-69
uses-permission#android.permission.READ_EXTERNAL_STORAGE
ADDED from src/main/AndroidManifest.xml:6:5-80
MERGED from [com.iceteck.silicompressorr:silicompressor:2.1] AndroidManifest.xml:11:5-80
MERGED from [com.iceteck.silicompressorr:silicompressor:2.1] AndroidManifest.xml:11:5-80
MERGED from [:lock] AndroidManifest.xml:13:5-80
MERGED from [:lock] AndroidManifest.xml:13:5-80
	android:name
		ADDED from src/main/AndroidManifest.xml:6:22-77
uses-permission#android.permission.READ_CONTACTS
ADDED from src/main/AndroidManifest.xml:7:5-72
	android:name
		ADDED from src/main/AndroidManifest.xml:7:22-69
uses-permission#android.permission.WRITE_EXTERNAL_STORAGE
ADDED from src/main/AndroidManifest.xml:8:5-81
MERGED from [com.iceteck.silicompressorr:silicompressor:2.1] AndroidManifest.xml:12:5-81
MERGED from [com.iceteck.silicompressorr:silicompressor:2.1] AndroidManifest.xml:12:5-81
MERGED from [:lock] AndroidManifest.xml:15:5-81
MERGED from [:lock] AndroidManifest.xml:15:5-81
	android:name
		ADDED from src/main/AndroidManifest.xml:8:22-78
uses-permission#android.permission.CALL_PHONE
ADDED from src/main/AndroidManifest.xml:9:5-69
	android:name
		ADDED from src/main/AndroidManifest.xml:9:22-66
uses-permission#android.permission.INTERNET
ADDED from src/main/AndroidManifest.xml:10:5-67
MERGED from [:lock] AndroidManifest.xml:14:5-67
MERGED from [:lock] AndroidManifest.xml:14:5-67
MERGED from [com.google.firebase:firebase-database:16.0.5] AndroidManifest.xml:23:5-67
MERGED from [com.google.firebase:firebase-database:16.0.5] AndroidManifest.xml:23:5-67
MERGED from [com.google.firebase:firebase-storage:16.0.5] AndroidManifest.xml:24:5-67
MERGED from [com.google.firebase:firebase-storage:16.0.5] AndroidManifest.xml:24:5-67
MERGED from [com.google.android.gms:play-services-maps:16.0.0] AndroidManifest.xml:24:5-67
MERGED from [com.google.android.gms:play-services-maps:16.0.0] AndroidManifest.xml:24:5-67
MERGED from [com.google.firebase:firebase-measurement-connector-impl:17.0.3] AndroidManifest.xml:22:5-67
MERGED from [com.google.firebase:firebase-measurement-connector-impl:17.0.3] AndroidManifest.xml:22:5-67
MERGED from [com.google.firebase:firebase-analytics:16.0.5] AndroidManifest.xml:23:5-67
MERGED from [com.google.firebase:firebase-analytics:16.0.5] AndroidManifest.xml:23:5-67
MERGED from [com.google.firebase:firebase-analytics-impl:16.2.3] AndroidManifest.xml:23:5-67
MERGED from [com.google.firebase:firebase-analytics-impl:16.2.3] AndroidManifest.xml:23:5-67
MERGED from [com.google.firebase:firebase-iid:17.0.4] AndroidManifest.xml:23:5-67
MERGED from [com.google.firebase:firebase-iid:17.0.4] AndroidManifest.xml:23:5-67
	android:name
		ADDED from src/main/AndroidManifest.xml:10:22-64
uses-permission#android.permission.CAMERA
ADDED from src/main/AndroidManifest.xml:11:5-65
MERGED from [:lock] AndroidManifest.xml:12:5-65
MERGED from [:lock] AndroidManifest.xml:12:5-65
	android:name
		ADDED from src/main/AndroidManifest.xml:11:22-62
uses-permission#android.permission.ACCESS_NETWORK_STATE
ADDED from src/main/AndroidManifest.xml:12:5-79
MERGED from [com.google.firebase:firebase-database:16.0.5] AndroidManifest.xml:22:5-79
MERGED from [com.google.firebase:firebase-database:16.0.5] AndroidManifest.xml:22:5-79
MERGED from [com.google.firebase:firebase-storage:16.0.5] AndroidManifest.xml:23:5-79
MERGED from [com.google.firebase:firebase-storage:16.0.5] AndroidManifest.xml:23:5-79
MERGED from [com.google.android.gms:play-services-maps:16.0.0] AndroidManifest.xml:23:5-79
MERGED from [com.google.android.gms:play-services-maps:16.0.0] AndroidManifest.xml:23:5-79
MERGED from [com.google.firebase:firebase-measurement-connector-impl:17.0.3] AndroidManifest.xml:23:5-79
MERGED from [com.google.firebase:firebase-measurement-connector-impl:17.0.3] AndroidManifest.xml:23:5-79
MERGED from [com.google.firebase:firebase-analytics:16.0.5] AndroidManifest.xml:24:5-79
MERGED from [com.google.firebase:firebase-analytics:16.0.5] AndroidManifest.xml:24:5-79
MERGED from [com.google.firebase:firebase-analytics-impl:16.2.3] AndroidManifest.xml:24:5-79
MERGED from [com.google.firebase:firebase-analytics-impl:16.2.3] AndroidManifest.xml:24:5-79
MERGED from [com.google.firebase:firebase-iid:17.0.4] AndroidManifest.xml:22:5-79
MERGED from [com.google.firebase:firebase-iid:17.0.4] AndroidManifest.xml:22:5-79
	android:name
		ADDED from src/main/AndroidManifest.xml:12:22-76
uses-permission#android.permission.RECORD_AUDIO
ADDED from src/main/AndroidManifest.xml:13:5-71
	android:name
		ADDED from src/main/AndroidManifest.xml:13:22-68
uses-permission#android.permission.VIBRATE
ADDED from src/main/AndroidManifest.xml:14:5-66
	android:name
		ADDED from src/main/AndroidManifest.xml:14:22-63
uses-permission#android.permission.MODIFY_AUDIO_SETTINGS
ADDED from src/main/AndroidManifest.xml:15:5-80
	android:name
		ADDED from src/main/AndroidManifest.xml:15:22-77
uses-permission#android.permission.READ_PHONE_STATE
ADDED from src/main/AndroidManifest.xml:16:5-75
	android:name
		ADDED from src/main/AndroidManifest.xml:16:22-72
uses-permission#android.permission.WAKE_LOCK
ADDED from src/main/AndroidManifest.xml:17:5-68
MERGED from [com.google.firebase:firebase-measurement-connector-impl:17.0.3] AndroidManifest.xml:24:5-68
MERGED from [com.google.firebase:firebase-measurement-connector-impl:17.0.3] AndroidManifest.xml:24:5-68
MERGED from [com.google.firebase:firebase-analytics:16.0.5] AndroidManifest.xml:25:5-68
MERGED from [com.google.firebase:firebase-analytics:16.0.5] AndroidManifest.xml:25:5-68
MERGED from [com.google.firebase:firebase-analytics-impl:16.2.3] AndroidManifest.xml:25:5-68
MERGED from [com.google.firebase:firebase-analytics-impl:16.2.3] AndroidManifest.xml:25:5-68
MERGED from [com.google.firebase:firebase-iid:17.0.4] AndroidManifest.xml:24:5-68
MERGED from [com.google.firebase:firebase-iid:17.0.4] AndroidManifest.xml:24:5-68
	android:name
		ADDED from src/main/AndroidManifest.xml:17:22-65
uses-permission#android.permission.DISABLE_KEYGUARD
ADDED from src/main/AndroidManifest.xml:18:5-75
	android:name
		ADDED from src/main/AndroidManifest.xml:18:22-72
uses-permission#android.permission.ACCESS_FINE_LOCATION
ADDED from src/main/AndroidManifest.xml:19:5-79
	android:name
		ADDED from src/main/AndroidManifest.xml:19:22-76
uses-permission#android.permission.RECEIVE_BOOT_COMPLETED
ADDED from src/main/AndroidManifest.xml:20:5-81
	android:name
		ADDED from src/main/AndroidManifest.xml:20:22-78
application
ADDED from src/main/AndroidManifest.xml:22:5-147:19
MERGED from [:sinch-android-rtc:3.12.5] AndroidManifest.xml:11:5-17:19
MERGED from [:sinch-android-rtc:3.12.5] AndroidManifest.xml:11:5-17:19
MERGED from [com.eyalbira.loadingdots:loading-dots:1.0.2] AndroidManifest.xml:11:5-12:19
MERGED from [com.eyalbira.loadingdots:loading-dots:1.0.2] AndroidManifest.xml:11:5-12:19
MERGED from [com.iceteck.silicompressorr:silicompressor:2.1] AndroidManifest.xml:14:5-18:19
MERGED from [com.iceteck.silicompressorr:silicompressor:2.1] AndroidManifest.xml:14:5-18:19
MERGED from [:lock] AndroidManifest.xml:18:5-20:19
MERGED from [:lock] AndroidManifest.xml:18:5-20:19
MERGED from [com.google.firebase:firebase-core:16.0.5] AndroidManifest.xml:7:5-20
MERGED from [com.google.firebase:firebase-core:16.0.5] AndroidManifest.xml:7:5-20
MERGED from [com.google.firebase:firebase-messaging:17.3.4] AndroidManifest.xml:22:5-35:19
MERGED from [com.google.firebase:firebase-messaging:17.3.4] AndroidManifest.xml:22:5-35:19
MERGED from [com.google.firebase:firebase-auth:16.0.5] AndroidManifest.xml:23:5-40:19
MERGED from [com.google.firebase:firebase-auth:16.0.5] AndroidManifest.xml:23:5-40:19
MERGED from [com.google.android.gms:play-services-places:16.0.0] AndroidManifest.xml:22:5-20
MERGED from [com.google.android.gms:play-services-places:16.0.0] AndroidManifest.xml:22:5-20
MERGED from [de.hdodenhof:circleimageview:2.2.0] AndroidManifest.xml:9:5-20
MERGED from [de.hdodenhof:circleimageview:2.2.0] AndroidManifest.xml:9:5-20
MERGED from [com.kbeanie:multipicker:1.5] AndroidManifest.xml:11:5-21:19
MERGED from [com.kbeanie:multipicker:1.5] AndroidManifest.xml:11:5-21:19
MERGED from [com.github.bumptech.glide:glide:4.7.1] AndroidManifest.xml:11:5-20
MERGED from [com.github.bumptech.glide:glide:4.7.1] AndroidManifest.xml:11:5-20
MERGED from [com.google.android.gms:play-services-maps:16.0.0] AndroidManifest.xml:30:5-20
MERGED from [com.google.android.gms:play-services-maps:16.0.0] AndroidManifest.xml:30:5-20
MERGED from [com.google.android.gms:play-services-location:16.0.0] AndroidManifest.xml:7:5-20
MERGED from [com.google.android.gms:play-services-location:16.0.0] AndroidManifest.xml:7:5-20
MERGED from [com.google.firebase:firebase-measurement-connector-impl:17.0.3] AndroidManifest.xml:26:5-32:19
MERGED from [com.google.firebase:firebase-measurement-connector-impl:17.0.3] AndroidManifest.xml:26:5-32:19
MERGED from [com.google.firebase:firebase-analytics:16.0.5] AndroidManifest.xml:28:5-53:19
MERGED from [com.google.firebase:firebase-analytics:16.0.5] AndroidManifest.xml:28:5-53:19
MERGED from [com.google.firebase:firebase-auth-interop:16.0.1] AndroidManifest.xml:7:5-8:19
MERGED from [com.google.firebase:firebase-auth-interop:16.0.1] AndroidManifest.xml:7:5-8:19
MERGED from [com.google.android.gms:play-services-measurement-api:16.0.3] AndroidManifest.xml:22:5-23:19
MERGED from [com.google.android.gms:play-services-measurement-api:16.0.3] AndroidManifest.xml:22:5-23:19
MERGED from [com.google.firebase:firebase-analytics-impl:16.2.3] AndroidManifest.xml:28:5-38:19
MERGED from [com.google.firebase:firebase-analytics-impl:16.2.3] AndroidManifest.xml:28:5-38:19
MERGED from [com.google.firebase:firebase-iid:17.0.4] AndroidManifest.xml:28:5-57:19
MERGED from [com.google.firebase:firebase-iid:17.0.4] AndroidManifest.xml:28:5-57:19
MERGED from [com.google.firebase:firebase-iid-interop:16.0.1] AndroidManifest.xml:7:5-8:19
MERGED from [com.google.firebase:firebase-iid-interop:16.0.1] AndroidManifest.xml:7:5-8:19
MERGED from [com.google.android.gms:play-services-base:16.0.1] AndroidManifest.xml:22:5-27:19
MERGED from [com.google.android.gms:play-services-base:16.0.1] AndroidManifest.xml:22:5-27:19
MERGED from [com.google.firebase:firebase-common:16.0.4] AndroidManifest.xml:9:5-15:19
MERGED from [com.google.firebase:firebase-common:16.0.4] AndroidManifest.xml:9:5-15:19
MERGED from [com.google.android.gms:play-services-tasks:16.0.1] AndroidManifest.xml:7:5-20
MERGED from [com.google.android.gms:play-services-tasks:16.0.1] AndroidManifest.xml:7:5-20
MERGED from [com.google.firebase:firebase-measurement-connector:17.0.1] AndroidManifest.xml:22:5-23:19
MERGED from [com.google.firebase:firebase-measurement-connector:17.0.1] AndroidManifest.xml:22:5-23:19
MERGED from [com.google.android.gms:play-services-places-placereport:16.0.0] AndroidManifest.xml:22:5-20
MERGED from [com.google.android.gms:play-services-places-placereport:16.0.0] AndroidManifest.xml:22:5-20
MERGED from [com.google.android.gms:play-services-measurement-base:16.0.4] AndroidManifest.xml:7:5-20
MERGED from [com.google.android.gms:play-services-measurement-base:16.0.4] AndroidManifest.xml:7:5-20
MERGED from [com.google.android.gms:play-services-stats:16.0.1] AndroidManifest.xml:7:5-20
MERGED from [com.google.android.gms:play-services-stats:16.0.1] AndroidManifest.xml:7:5-20
MERGED from [com.google.android.gms:play-services-ads-identifier:16.0.0] AndroidManifest.xml:22:5-20
MERGED from [com.google.android.gms:play-services-ads-identifier:16.0.0] AndroidManifest.xml:22:5-20
MERGED from [com.google.android.gms:play-services-basement:16.1.0] AndroidManifest.xml:22:5-26:19
MERGED from [com.google.android.gms:play-services-basement:16.1.0] AndroidManifest.xml:22:5-26:19
MERGED from [com.android.support.constraint:constraint-layout:1.1.3] AndroidManifest.xml:9:5-20
MERGED from [com.android.support.constraint:constraint-layout:1.1.3] AndroidManifest.xml:9:5-20
MERGED from [com.github.bumptech.glide:gifdecoder:4.7.1] AndroidManifest.xml:9:5-20
MERGED from [com.github.bumptech.glide:gifdecoder:4.7.1] AndroidManifest.xml:9:5-20
	android:supportsRtl
		ADDED from src/main/AndroidManifest.xml:27:9-35
	android:label
		ADDED from src/main/AndroidManifest.xml:26:9-41
	android:icon
		ADDED from src/main/AndroidManifest.xml:25:9-38
	android:allowBackup
		ADDED from src/main/AndroidManifest.xml:24:9-35
	android:theme
		ADDED from src/main/AndroidManifest.xml:28:9-40
	android:name
		ADDED from src/main/AndroidManifest.xml:23:9-40
activity#com.mLabsCloseServer.LetsTalk.serverType.CLoseServerInviteCode
ADDED from src/main/AndroidManifest.xml:29:9-79
	android:name
		ADDED from src/main/AndroidManifest.xml:29:19-67
activity#com.mLabsCloseServer.LetsTalk.serverType.CloseServerReg
ADDED from src/main/AndroidManifest.xml:30:9-63
	android:name
		ADDED from src/main/AndroidManifest.xml:30:19-60
activity#com.mLabsCloseServer.LetsTalk.activities.MainActivity
ADDED from src/main/AndroidManifest.xml:31:9-35:70
	android:screenOrientation
		ADDED from src/main/AndroidManifest.xml:34:13-49
	android:launchMode
		ADDED from src/main/AndroidManifest.xml:33:13-43
	android:windowSoftInputMode
		ADDED from src/main/AndroidManifest.xml:35:13-67
	android:name
		ADDED from src/main/AndroidManifest.xml:32:13-52
service#com.amirarcane.lockscreen.CamerService
ADDED from src/main/AndroidManifest.xml:37:9-74
MERGED from [:lock] AndroidManifest.xml:19:9-74
MERGED from [:lock] AndroidManifest.xml:19:9-74
	android:name
		ADDED from src/main/AndroidManifest.xml:37:18-71
activity#com.mLabsCloseServer.LetsTalk.activities.settings
ADDED from src/main/AndroidManifest.xml:39:9-42:47
	android:screenOrientation
		ADDED from src/main/AndroidManifest.xml:41:13-49
	android:theme
		ADDED from src/main/AndroidManifest.xml:42:13-44
	android:name
		ADDED from src/main/AndroidManifest.xml:40:13-48
activity#com.amirarcane.lockscreen.activity.EnterPinActivity
ADDED from src/main/AndroidManifest.xml:43:9-45:47
	android:theme
		ADDED from src/main/AndroidManifest.xml:45:13-44
	android:name
		ADDED from src/main/AndroidManifest.xml:44:13-79
activity#com.mLabsCloseServer.LetsTalk.activities.ChatActivity
ADDED from src/main/AndroidManifest.xml:46:9-54:20
	android:screenOrientation
		ADDED from src/main/AndroidManifest.xml:49:13-49
	android:parentActivityName
		ADDED from src/main/AndroidManifest.xml:48:13-66
	android:windowSoftInputMode
		ADDED from src/main/AndroidManifest.xml:50:13-67
	android:name
		ADDED from src/main/AndroidManifest.xml:47:13-52
meta-data#android.support.PARENT_ACTIVITY
ADDED from src/main/AndroidManifest.xml:51:13-53:89
	android:value
		ADDED from src/main/AndroidManifest.xml:53:17-86
	android:name
		ADDED from src/main/AndroidManifest.xml:52:17-63
activity#com.mLabsCloseServer.LetsTalk.activities.ImageViewerActivity
ADDED from src/main/AndroidManifest.xml:55:9-68
	android:name
		ADDED from src/main/AndroidManifest.xml:55:19-65
service#com.mLabsCloseServer.LetsTalk.services.FirebaseChatService
ADDED from src/main/AndroidManifest.xml:57:9-59:38
	android:enabled
		ADDED from src/main/AndroidManifest.xml:59:13-35
	android:name
		ADDED from src/main/AndroidManifest.xml:58:13-57
service#com.mLabsCloseServer.LetsTalk.services.MyFirebaseMessagingService
ADDED from src/main/AndroidManifest.xml:60:9-64:19
	android:name
		ADDED from src/main/AndroidManifest.xml:60:18-69
intent-filter#action:name:com.google.firebase.MESSAGING_EVENT
ADDED from src/main/AndroidManifest.xml:61:13-63:29
action#com.google.firebase.MESSAGING_EVENT
ADDED from src/main/AndroidManifest.xml:62:17-78
	android:name
		ADDED from src/main/AndroidManifest.xml:62:25-75
service#com.mLabsCloseServer.LetsTalk.services.MyFirebaseInstanceIDService
ADDED from src/main/AndroidManifest.xml:65:9-69:19
	android:name
		ADDED from src/main/AndroidManifest.xml:65:18-70
intent-filter#action:name:com.google.firebase.INSTANCE_ID_EVENT
ADDED from src/main/AndroidManifest.xml:66:13-68:29
action#com.google.firebase.INSTANCE_ID_EVENT
ADDED from src/main/AndroidManifest.xml:67:17-80
	android:name
		ADDED from src/main/AndroidManifest.xml:67:25-77
receiver#com.mLabsCloseServer.LetsTalk.receivers.ConnectivityReceiver
ADDED from src/main/AndroidManifest.xml:71:9-77:20
	android:enabled
		ADDED from src/main/AndroidManifest.xml:73:13-35
	android:name
		ADDED from src/main/AndroidManifest.xml:72:13-59
intent-filter#action:name:android.net.conn.CONNECTIVITY_CHANGE
ADDED from src/main/AndroidManifest.xml:74:13-76:29
action#android.net.conn.CONNECTIVITY_CHANGE
ADDED from src/main/AndroidManifest.xml:75:17-79
	android:name
		ADDED from src/main/AndroidManifest.xml:75:25-76
meta-data#com.google.android.geo.API_KEY
ADDED from src/main/AndroidManifest.xml:86:9-88:71
	android:value
		ADDED from src/main/AndroidManifest.xml:88:13-68
	android:name
		ADDED from src/main/AndroidManifest.xml:87:13-58
provider#com.mLabsCloseServer.LetsTalk.utils.MyFileProvider
ADDED from src/main/AndroidManifest.xml:90:9-99:20
	android:grantUriPermissions
		ADDED from src/main/AndroidManifest.xml:94:13-47
	android:authorities
		ADDED from src/main/AndroidManifest.xml:92:13-52
	android:exported
		ADDED from src/main/AndroidManifest.xml:93:13-37
	tools:replace
		ADDED from src/main/AndroidManifest.xml:95:13-48
	android:name
		ADDED from src/main/AndroidManifest.xml:91:13-49
meta-data#android.support.FILE_PROVIDER_PATHS
ADDED from src/main/AndroidManifest.xml:96:13-98:54
	android:resource
		ADDED from src/main/AndroidManifest.xml:98:17-51
	android:name
		ADDED from src/main/AndroidManifest.xml:97:17-67
activity#com.mLabsCloseServer.LetsTalk.activities.ContactViewerActivity
ADDED from src/main/AndroidManifest.xml:101:9-104:70
	android:screenOrientation
		ADDED from src/main/AndroidManifest.xml:103:13-49
	android:windowSoftInputMode
		ADDED from src/main/AndroidManifest.xml:104:13-67
	android:name
		ADDED from src/main/AndroidManifest.xml:102:13-61
activity#com.mLabsCloseServer.LetsTalk.activities.ChatDetailActivity
ADDED from src/main/AndroidManifest.xml:105:9-108:70
	android:screenOrientation
		ADDED from src/main/AndroidManifest.xml:107:13-49
	android:windowSoftInputMode
		ADDED from src/main/AndroidManifest.xml:108:13-67
	android:name
		ADDED from src/main/AndroidManifest.xml:106:13-58
activity#com.mLabsCloseServer.LetsTalk.activities.SignInActivity
ADDED from src/main/AndroidManifest.xml:109:9-113:70
	android:screenOrientation
		ADDED from src/main/AndroidManifest.xml:111:13-49
	android:windowSoftInputMode
		ADDED from src/main/AndroidManifest.xml:113:13-67
	android:theme
		ADDED from src/main/AndroidManifest.xml:112:13-52
	android:name
		ADDED from src/main/AndroidManifest.xml:110:13-54
activity#com.mLabsCloseServer.LetsTalk.activities.CallScreenActivity
ADDED from src/main/AndroidManifest.xml:114:9-116:52
	android:screenOrientation
		ADDED from src/main/AndroidManifest.xml:116:13-49
	android:name
		ADDED from src/main/AndroidManifest.xml:115:13-58
activity#com.mLabsCloseServer.LetsTalk.activities.IncomingCallScreenActivity
ADDED from src/main/AndroidManifest.xml:117:9-119:52
	android:screenOrientation
		ADDED from src/main/AndroidManifest.xml:119:13-49
	android:name
		ADDED from src/main/AndroidManifest.xml:118:13-66
activity#com.mLabsCloseServer.LetsTalk.activities.SplashActivity
ADDED from src/main/AndroidManifest.xml:120:9-131:20
	android:screenOrientation
		ADDED from src/main/AndroidManifest.xml:122:13-49
	android:windowSoftInputMode
		ADDED from src/main/AndroidManifest.xml:124:13-67
	android:theme
		ADDED from src/main/AndroidManifest.xml:123:13-52
	android:name
		ADDED from src/main/AndroidManifest.xml:121:13-54
intent-filter#action:name:android.intent.action.MAIN+action:name:android.intent.action.VIEW+category:name:android.intent.category.LAUNCHER
ADDED from src/main/AndroidManifest.xml:125:13-130:29
action#android.intent.action.VIEW
ADDED from src/main/AndroidManifest.xml:126:17-69
	android:name
		ADDED from src/main/AndroidManifest.xml:126:25-66
action#android.intent.action.MAIN
ADDED from src/main/AndroidManifest.xml:127:17-69
	android:name
		ADDED from src/main/AndroidManifest.xml:127:25-66
category#android.intent.category.LAUNCHER
ADDED from src/main/AndroidManifest.xml:129:17-77
	android:name
		ADDED from src/main/AndroidManifest.xml:129:27-74
receiver#com.mLabsCloseServer.LetsTalk.services.StartActivityOnBootReceiver
ADDED from src/main/AndroidManifest.xml:133:9-138:20
	android:name
		ADDED from src/main/AndroidManifest.xml:133:19-71
intent-filter#action:name:android.intent.action.BOOT_COMPLETED+action:name:android.intent.action.QUICKBOOT_POWERON
ADDED from src/main/AndroidManifest.xml:134:13-137:29
action#android.intent.action.BOOT_COMPLETED
ADDED from src/main/AndroidManifest.xml:135:17-79
	android:name
		ADDED from src/main/AndroidManifest.xml:135:25-76
action#android.intent.action.QUICKBOOT_POWERON
ADDED from src/main/AndroidManifest.xml:136:17-82
	android:name
		ADDED from src/main/AndroidManifest.xml:136:25-79
service#com.mLabsCloseServer.LetsTalk.services.FetchMyUsersService
ADDED from src/main/AndroidManifest.xml:140:9-142:40
	android:exported
		ADDED from src/main/AndroidManifest.xml:142:13-37
	android:name
		ADDED from src/main/AndroidManifest.xml:141:13-57
service#com.mLabsCloseServer.LetsTalk.services.SinchService
ADDED from src/main/AndroidManifest.xml:143:9-146:40
	android:enabled
		ADDED from src/main/AndroidManifest.xml:145:13-35
	android:exported
		ADDED from src/main/AndroidManifest.xml:146:13-37
	android:name
		ADDED from src/main/AndroidManifest.xml:144:13-50
uses-sdk
INJECTED from src/main/AndroidManifest.xml reason: use-sdk injection requested
INJECTED from src/main/AndroidManifest.xml
INJECTED from src/main/AndroidManifest.xml
MERGED from [io.realm:realm-android-library:5.4.1] AndroidManifest.xml:6:5-8:41
MERGED from [io.realm:realm-android-library:5.4.1] AndroidManifest.xml:6:5-8:41
MERGED from [io.realm:realm-android-kotlin-extensions:5.4.1] AndroidManifest.xml:6:5-8:41
MERGED from [io.realm:realm-android-kotlin-extensions:5.4.1] AndroidManifest.xml:6:5-8:41
MERGED from [com.android.support:multidex:1.0.3] AndroidManifest.xml:20:5-43
MERGED from [com.android.support:multidex:1.0.3] AndroidManifest.xml:20:5-43
MERGED from [:sinch-android-rtc:3.12.5] AndroidManifest.xml:7:5-9:41
MERGED from [:sinch-android-rtc:3.12.5] AndroidManifest.xml:7:5-9:41
MERGED from [com.android.support:design:27.1.1] AndroidManifest.xml:20:5-44
MERGED from [com.android.support:design:27.1.1] AndroidManifest.xml:20:5-44
MERGED from [com.eyalbira.loadingdots:loading-dots:1.0.2] AndroidManifest.xml:7:5-9:41
MERGED from [com.eyalbira.loadingdots:loading-dots:1.0.2] AndroidManifest.xml:7:5-9:41
MERGED from [com.iceteck.silicompressorr:silicompressor:2.1] AndroidManifest.xml:7:5-9:41
MERGED from [com.iceteck.silicompressorr:silicompressor:2.1] AndroidManifest.xml:7:5-9:41
MERGED from [:lock] AndroidManifest.xml:7:5-9:41
MERGED from [:lock] AndroidManifest.xml:7:5-9:41
MERGED from [com.vanniktech:emoji-google:0.5.1] AndroidManifest.xml:6:5-44
MERGED from [com.vanniktech:emoji-google:0.5.1] AndroidManifest.xml:6:5-44
MERGED from [com.vanniktech:emoji:0.5.1] AndroidManifest.xml:6:5-44
MERGED from [com.vanniktech:emoji:0.5.1] AndroidManifest.xml:6:5-44
MERGED from [com.android.support:appcompat-v7:27.1.1] AndroidManifest.xml:20:5-44
MERGED from [com.android.support:appcompat-v7:27.1.1] AndroidManifest.xml:20:5-44
MERGED from [com.android.support:cardview-v7:27.1.1] AndroidManifest.xml:20:5-44
MERGED from [com.android.support:cardview-v7:27.1.1] AndroidManifest.xml:20:5-44